2022-04-05 00:19:55.845  INFO 7088 --- [main] com.example.demo.DemoApplication         : Starting DemoApplication using Java 11.0.13 on DESKTOP-Q1VBOT1 with PID 7088 (C:\Users\HP\Desktop\SpringBootProjects\demo\target\classes started by HP in C:\Users\HP\Desktop\SpringBootProjects\demo)
2022-04-05 00:19:55.864  INFO 7088 --- [main] com.example.demo.DemoApplication         : No active profile set, falling back to 1 default profile: "default"
2022-04-05 00:19:57.209  INFO 7088 --- [main] .s.d.r.c.RepositoryConfigurationDelegate : Bootstrapping Spring Data JPA repositories in DEFAULT mode.
2022-04-05 00:19:57.402  INFO 7088 --- [main] .s.d.r.c.RepositoryConfigurationDelegate : Finished Spring Data repository scanning in 172 ms. Found 1 JPA repository interfaces.
2022-04-05 00:19:58.676  INFO 7088 --- [main] o.s.b.w.embedded.tomcat.TomcatWebServer  : Tomcat initialized with port(s): 8080 (http)
2022-04-05 00:19:58.695  INFO 7088 --- [main] o.apache.catalina.core.StandardService   : Starting service [Tomcat]
2022-04-05 00:19:58.695  INFO 7088 --- [main] org.apache.catalina.core.StandardEngine  : Starting Servlet engine: [Apache Tomcat/9.0.60]
2022-04-05 00:19:58.922  INFO 7088 --- [main] o.a.c.c.C.[Tomcat].[localhost].[/]       : Initializing Spring embedded WebApplicationContext
2022-04-05 00:19:58.923  INFO 7088 --- [main] w.s.c.ServletWebServerApplicationContext : Root WebApplicationContext: initialization completed in 2926 ms
2022-04-05 00:19:59.288  INFO 7088 --- [main] o.hibernate.jpa.internal.util.LogHelper  : HHH000204: Processing PersistenceUnitInfo [name: default]
2022-04-05 00:19:59.394  INFO 7088 --- [main] org.hibernate.Version                    : HHH000412: Hibernate ORM core version 5.6.7.Final
2022-04-05 00:19:59.655  INFO 7088 --- [main] o.hibernate.annotations.common.Version   : HCANN000001: Hibernate Commons Annotations {5.1.2.Final}
2022-04-05 00:19:59.822  INFO 7088 --- [main] com.zaxxer.hikari.HikariDataSource       : HikariPool-1 - Starting...
2022-04-05 00:20:00.042  INFO 7088 --- [main] com.zaxxer.hikari.HikariDataSource       : HikariPool-1 - Start completed.
2022-04-05 00:20:00.069  INFO 7088 --- [main] org.hibernate.dialect.Dialect            : HHH000400: Using dialect: org.hibernate.dialect.MySQL8Dialect
2022-04-05 00:20:01.207  INFO 7088 --- [main] o.h.e.t.j.p.i.JtaPlatformInitiator       : HHH000490: Using JtaPlatform implementation: [org.hibernate.engine.transaction.jta.platform.internal.NoJtaPlatform]
2022-04-05 00:20:01.268  INFO 7088 --- [main] j.LocalContainerEntityManagerFactoryBean : Initialized JPA EntityManagerFactory for persistence unit 'default'
2022-04-05 00:20:02.193  WARN 7088 --- [main] JpaBaseConfiguration$JpaWebConfiguration : spring.jpa.open-in-view is enabled by default. Therefore, database queries may be performed during view rendering. Explicitly configure spring.jpa.open-in-view to disable this warning
2022-04-05 00:20:02.831  INFO 7088 --- [main] o.s.b.w.embedded.tomcat.TomcatWebServer  : Tomcat started on port(s): 8080 (http) with context path ''
2022-04-05 00:20:02.850  INFO 7088 --- [main] com.example.demo.DemoApplication         : Started DemoApplication in 7.811 seconds (JVM running for 8.54)
2022-04-05 00:23:58.511  INFO 7088 --- [http-nio-8080-exec-1] o.a.c.c.C.[Tomcat].[localhost].[/]       : Initializing Spring DispatcherServlet 'dispatcherServlet'
2022-04-05 00:23:58.513  INFO 7088 --- [http-nio-8080-exec-1] o.s.web.servlet.DispatcherServlet        : Initializing Servlet 'dispatcherServlet'
2022-04-05 00:23:58.516  INFO 7088 --- [http-nio-8080-exec-1] o.s.web.servlet.DispatcherServlet        : Completed initialization in 2 ms
2022-04-05 00:23:58.548  WARN 7088 --- [http-nio-8080-exec-1] .w.s.m.s.DefaultHandlerExceptionResolver : Resolved [org.springframework.web.HttpRequestMethodNotSupportedException: Request method 'POST' not supported]
2022-04-05 00:36:50.119  INFO 7088 --- [SpringApplicationShutdownHook] j.LocalContainerEntityManagerFactoryBean : Closing JPA EntityManagerFactory for persistence unit 'default'
2022-04-05 00:36:50.132  INFO 7088 --- [SpringApplicationShutdownHook] .SchemaDropperImpl$DelayedDropActionImpl : HHH000477: Starting delayed evictData of schema as part of SessionFactory shut-down'
2022-04-05 00:36:50.255  INFO 7088 --- [SpringApplicationShutdownHook] com.zaxxer.hikari.HikariDataSource       : HikariPool-1 - Shutdown initiated...
2022-04-05 00:36:50.370  INFO 7088 --- [SpringApplicationShutdownHook] com.zaxxer.hikari.HikariDataSource       : HikariPool-1 - Shutdown completed.
2022-04-05 00:38:14.306  INFO 18724 --- [main] com.example.demo.DemoApplication         : Starting DemoApplication using Java 11.0.13 on DESKTOP-Q1VBOT1 with PID 18724 (C:\Users\HP\Desktop\SpringBootProjects\demo\target\classes started by HP in C:\Users\HP\Desktop\SpringBootProjects\demo)
2022-04-05 00:38:14.313  INFO 18724 --- [main] com.example.demo.DemoApplication         : No active profile set, falling back to 1 default profile: "default"
2022-04-05 00:38:15.326  INFO 18724 --- [main] .s.d.r.c.RepositoryConfigurationDelegate : Bootstrapping Spring Data JPA repositories in DEFAULT mode.
2022-04-05 00:38:15.434  INFO 18724 --- [main] .s.d.r.c.RepositoryConfigurationDelegate : Finished Spring Data repository scanning in 82 ms. Found 1 JPA repository interfaces.
2022-04-05 00:38:16.670  INFO 18724 --- [main] o.s.b.w.embedded.tomcat.TomcatWebServer  : Tomcat initialized with port(s): 8080 (http)
2022-04-05 00:38:16.694  INFO 18724 --- [main] o.apache.catalina.core.StandardService   : Starting service [Tomcat]
2022-04-05 00:38:16.696  INFO 18724 --- [main] org.apache.catalina.core.StandardEngine  : Starting Servlet engine: [Apache Tomcat/9.0.60]
2022-04-05 00:38:16.981  INFO 18724 --- [main] o.a.c.c.C.[Tomcat].[localhost].[/]       : Initializing Spring embedded WebApplicationContext
2022-04-05 00:38:16.983  INFO 18724 --- [main] w.s.c.ServletWebServerApplicationContext : Root WebApplicationContext: initialization completed in 2560 ms
2022-04-05 00:38:17.482  INFO 18724 --- [main] o.hibernate.jpa.internal.util.LogHelper  : HHH000204: Processing PersistenceUnitInfo [name: default]
2022-04-05 00:38:17.623  INFO 18724 --- [main] org.hibernate.Version                    : HHH000412: Hibernate ORM core version 5.6.7.Final
2022-04-05 00:38:17.970  INFO 18724 --- [main] o.hibernate.annotations.common.Version   : HCANN000001: Hibernate Commons Annotations {5.1.2.Final}
2022-04-05 00:38:18.127  INFO 18724 --- [main] com.zaxxer.hikari.HikariDataSource       : HikariPool-1 - Starting...
2022-04-05 00:38:18.775  INFO 18724 --- [main] com.zaxxer.hikari.HikariDataSource       : HikariPool-1 - Start completed.
2022-04-05 00:38:18.828  INFO 18724 --- [main] org.hibernate.dialect.Dialect            : HHH000400: Using dialect: org.hibernate.dialect.MySQL8Dialect
2022-04-05 00:38:20.254  INFO 18724 --- [main] o.h.e.t.j.p.i.JtaPlatformInitiator       : HHH000490: Using JtaPlatform implementation: [org.hibernate.engine.transaction.jta.platform.internal.NoJtaPlatform]
2022-04-05 00:38:20.269  INFO 18724 --- [main] j.LocalContainerEntityManagerFactoryBean : Initialized JPA EntityManagerFactory for persistence unit 'default'
2022-04-05 00:38:20.819  WARN 18724 --- [main] JpaBaseConfiguration$JpaWebConfiguration : spring.jpa.open-in-view is enabled by default. Therefore, database queries may be performed during view rendering. Explicitly configure spring.jpa.open-in-view to disable this warning
2022-04-05 00:38:21.489  INFO 18724 --- [main] o.s.b.w.embedded.tomcat.TomcatWebServer  : Tomcat started on port(s): 8080 (http) with context path ''
2022-04-05 00:38:21.512  INFO 18724 --- [main] com.example.demo.DemoApplication         : Started DemoApplication in 7.919 seconds (JVM running for 8.504)
2022-04-05 00:38:24.968  INFO 18724 --- [http-nio-8080-exec-2] o.a.c.c.C.[Tomcat].[localhost].[/]       : Initializing Spring DispatcherServlet 'dispatcherServlet'
2022-04-05 00:38:24.970  INFO 18724 --- [http-nio-8080-exec-2] o.s.web.servlet.DispatcherServlet        : Initializing Servlet 'dispatcherServlet'
2022-04-05 00:38:24.972  INFO 18724 --- [http-nio-8080-exec-2] o.s.web.servlet.DispatcherServlet        : Completed initialization in 1 ms
2022-04-05 00:38:32.073  INFO 18724 --- [SpringApplicationShutdownHook] j.LocalContainerEntityManagerFactoryBean : Closing JPA EntityManagerFactory for persistence unit 'default'
2022-04-05 00:38:32.074  INFO 18724 --- [SpringApplicationShutdownHook] .SchemaDropperImpl$DelayedDropActionImpl : HHH000477: Starting delayed evictData of schema as part of SessionFactory shut-down'
2022-04-05 00:38:32.129  INFO 18724 --- [SpringApplicationShutdownHook] com.zaxxer.hikari.HikariDataSource       : HikariPool-1 - Shutdown initiated...
2022-04-05 00:38:32.150  INFO 18724 --- [SpringApplicationShutdownHook] com.zaxxer.hikari.HikariDataSource       : HikariPool-1 - Shutdown completed.
2022-04-05 00:38:56.272  INFO 19944 --- [main] com.example.demo.DemoApplication         : Starting DemoApplication using Java 11.0.13 on DESKTOP-Q1VBOT1 with PID 19944 (C:\Users\HP\Desktop\SpringBootProjects\demo\target\classes started by HP in C:\Users\HP\Desktop\SpringBootProjects\demo)
2022-04-05 00:38:56.279  INFO 19944 --- [main] com.example.demo.DemoApplication         : No active profile set, falling back to 1 default profile: "default"
2022-04-05 00:38:57.379  INFO 19944 --- [main] .s.d.r.c.RepositoryConfigurationDelegate : Bootstrapping Spring Data JPA repositories in DEFAULT mode.
2022-04-05 00:38:57.502  INFO 19944 --- [main] .s.d.r.c.RepositoryConfigurationDelegate : Finished Spring Data repository scanning in 97 ms. Found 1 JPA repository interfaces.
2022-04-05 00:38:58.617  INFO 19944 --- [main] o.s.b.w.embedded.tomcat.TomcatWebServer  : Tomcat initialized with port(s): 8080 (http)
2022-04-05 00:38:58.640  INFO 19944 --- [main] o.apache.catalina.core.StandardService   : Starting service [Tomcat]
2022-04-05 00:38:58.641  INFO 19944 --- [main] org.apache.catalina.core.StandardEngine  : Starting Servlet engine: [Apache Tomcat/9.0.60]
2022-04-05 00:38:58.878  INFO 19944 --- [main] o.a.c.c.C.[Tomcat].[localhost].[/]       : Initializing Spring embedded WebApplicationContext
2022-04-05 00:38:58.879  INFO 19944 --- [main] w.s.c.ServletWebServerApplicationContext : Root WebApplicationContext: initialization completed in 2488 ms
2022-04-05 00:38:59.242  INFO 19944 --- [main] o.hibernate.jpa.internal.util.LogHelper  : HHH000204: Processing PersistenceUnitInfo [name: default]
2022-04-05 00:38:59.341  INFO 19944 --- [main] org.hibernate.Version                    : HHH000412: Hibernate ORM core version 5.6.7.Final
2022-04-05 00:38:59.576  INFO 19944 --- [main] o.hibernate.annotations.common.Version   : HCANN000001: Hibernate Commons Annotations {5.1.2.Final}
2022-04-05 00:38:59.739  INFO 19944 --- [main] com.zaxxer.hikari.HikariDataSource       : HikariPool-1 - Starting...
2022-04-05 00:39:00.005  INFO 19944 --- [main] com.zaxxer.hikari.HikariDataSource       : HikariPool-1 - Start completed.
2022-04-05 00:39:00.047  INFO 19944 --- [main] org.hibernate.dialect.Dialect            : HHH000400: Using dialect: org.hibernate.dialect.MySQL8Dialect
2022-04-05 00:39:01.167  INFO 19944 --- [main] o.h.e.t.j.p.i.JtaPlatformInitiator       : HHH000490: Using JtaPlatform implementation: [org.hibernate.engine.transaction.jta.platform.internal.NoJtaPlatform]
2022-04-05 00:39:01.188  INFO 19944 --- [main] j.LocalContainerEntityManagerFactoryBean : Initialized JPA EntityManagerFactory for persistence unit 'default'
2022-04-05 00:39:01.793  WARN 19944 --- [main] JpaBaseConfiguration$JpaWebConfiguration : spring.jpa.open-in-view is enabled by default. Therefore, database queries may be performed during view rendering. Explicitly configure spring.jpa.open-in-view to disable this warning
2022-04-05 00:39:02.436  INFO 19944 --- [main] o.s.b.w.embedded.tomcat.TomcatWebServer  : Tomcat started on port(s): 8080 (http) with context path ''
2022-04-05 00:39:02.454  INFO 19944 --- [main] com.example.demo.DemoApplication         : Started DemoApplication in 6.833 seconds (JVM running for 7.88)
2022-04-05 00:39:08.973  INFO 19944 --- [http-nio-8080-exec-2] o.a.c.c.C.[Tomcat].[localhost].[/]       : Initializing Spring DispatcherServlet 'dispatcherServlet'
2022-04-05 00:39:08.975  INFO 19944 --- [http-nio-8080-exec-2] o.s.web.servlet.DispatcherServlet        : Initializing Servlet 'dispatcherServlet'
2022-04-05 00:39:08.980  INFO 19944 --- [http-nio-8080-exec-2] o.s.web.servlet.DispatcherServlet        : Completed initialization in 3 ms
2022-04-05 00:39:41.442  INFO 7428 --- [main] com.example.demo.DemoApplication         : Starting DemoApplication using Java 11.0.13 on DESKTOP-Q1VBOT1 with PID 7428 (C:\Users\HP\Desktop\SpringBootProjects\demo\target\classes started by HP in C:\Users\HP\Desktop\SpringBootProjects\demo)
2022-04-05 00:39:41.449  INFO 7428 --- [main] com.example.demo.DemoApplication         : No active profile set, falling back to 1 default profile: "default"
2022-04-05 00:39:42.644  INFO 7428 --- [main] .s.d.r.c.RepositoryConfigurationDelegate : Bootstrapping Spring Data JPA repositories in DEFAULT mode.
2022-04-05 00:39:42.749  INFO 7428 --- [main] .s.d.r.c.RepositoryConfigurationDelegate : Finished Spring Data repository scanning in 79 ms. Found 1 JPA repository interfaces.
2022-04-05 00:39:44.059  INFO 7428 --- [main] o.s.b.w.embedded.tomcat.TomcatWebServer  : Tomcat initialized with port(s): 8080 (http)
2022-04-05 00:39:44.088  INFO 7428 --- [main] o.apache.catalina.core.StandardService   : Starting service [Tomcat]
2022-04-05 00:39:44.089  INFO 7428 --- [main] org.apache.catalina.core.StandardEngine  : Starting Servlet engine: [Apache Tomcat/9.0.60]
2022-04-05 00:39:44.375  INFO 7428 --- [main] o.a.c.c.C.[Tomcat].[localhost].[/]       : Initializing Spring embedded WebApplicationContext
2022-04-05 00:39:44.378  INFO 7428 --- [main] w.s.c.ServletWebServerApplicationContext : Root WebApplicationContext: initialization completed in 2802 ms
2022-04-05 00:39:44.857  INFO 7428 --- [main] o.hibernate.jpa.internal.util.LogHelper  : HHH000204: Processing PersistenceUnitInfo [name: default]
2022-04-05 00:39:44.959  INFO 7428 --- [main] org.hibernate.Version                    : HHH000412: Hibernate ORM core version 5.6.7.Final
2022-04-05 00:39:45.199  INFO 7428 --- [main] o.hibernate.annotations.common.Version   : HCANN000001: Hibernate Commons Annotations {5.1.2.Final}
2022-04-05 00:39:45.340  INFO 7428 --- [main] com.zaxxer.hikari.HikariDataSource       : HikariPool-1 - Starting...
2022-04-05 00:39:45.613  INFO 7428 --- [main] com.zaxxer.hikari.HikariDataSource       : HikariPool-1 - Start completed.
2022-04-05 00:39:45.636  INFO 7428 --- [main] org.hibernate.dialect.Dialect            : HHH000400: Using dialect: org.hibernate.dialect.MySQL8Dialect
2022-04-05 00:39:46.797  INFO 7428 --- [main] o.h.e.t.j.p.i.JtaPlatformInitiator       : HHH000490: Using JtaPlatform implementation: [org.hibernate.engine.transaction.jta.platform.internal.NoJtaPlatform]
2022-04-05 00:39:46.814  INFO 7428 --- [main] j.LocalContainerEntityManagerFactoryBean : Initialized JPA EntityManagerFactory for persistence unit 'default'
2022-04-05 00:39:47.314  WARN 7428 --- [main] JpaBaseConfiguration$JpaWebConfiguration : spring.jpa.open-in-view is enabled by default. Therefore, database queries may be performed during view rendering. Explicitly configure spring.jpa.open-in-view to disable this warning
2022-04-05 00:39:47.841  INFO 7428 --- [main] o.s.b.w.embedded.tomcat.TomcatWebServer  : Tomcat started on port(s): 8080 (http) with context path ''
2022-04-05 00:39:47.857  INFO 7428 --- [main] com.example.demo.DemoApplication         : Started DemoApplication in 7.061 seconds (JVM running for 7.693)
2022-04-05 00:39:59.020  INFO 7428 --- [http-nio-8080-exec-2] o.a.c.c.C.[Tomcat].[localhost].[/]       : Initializing Spring DispatcherServlet 'dispatcherServlet'
2022-04-05 00:39:59.022  INFO 7428 --- [http-nio-8080-exec-2] o.s.web.servlet.DispatcherServlet        : Initializing Servlet 'dispatcherServlet'
2022-04-05 00:39:59.026  INFO 7428 --- [http-nio-8080-exec-2] o.s.web.servlet.DispatcherServlet        : Completed initialization in 2 ms
2022-04-05 00:42:11.340  INFO 3188 --- [main] com.example.demo.DemoApplication         : Starting DemoApplication using Java 11.0.13 on DESKTOP-Q1VBOT1 with PID 3188 (C:\Users\HP\Desktop\SpringBootProjects\demo\target\classes started by HP in C:\Users\HP\Desktop\SpringBootProjects\demo)
2022-04-05 00:42:11.347  INFO 3188 --- [main] com.example.demo.DemoApplication         : No active profile set, falling back to 1 default profile: "default"
2022-04-05 00:42:12.621  INFO 3188 --- [main] .s.d.r.c.RepositoryConfigurationDelegate : Bootstrapping Spring Data JPA repositories in DEFAULT mode.
2022-04-05 00:42:12.733  INFO 3188 --- [main] .s.d.r.c.RepositoryConfigurationDelegate : Finished Spring Data repository scanning in 87 ms. Found 1 JPA repository interfaces.
2022-04-05 00:42:14.045  INFO 3188 --- [main] o.s.b.w.embedded.tomcat.TomcatWebServer  : Tomcat initialized with port(s): 8080 (http)
2022-04-05 00:42:14.069  INFO 3188 --- [main] o.apache.catalina.core.StandardService   : Starting service [Tomcat]
2022-04-05 00:42:14.070  INFO 3188 --- [main] org.apache.catalina.core.StandardEngine  : Starting Servlet engine: [Apache Tomcat/9.0.60]
2022-04-05 00:42:14.317  INFO 3188 --- [main] o.a.c.c.C.[Tomcat].[localhost].[/]       : Initializing Spring embedded WebApplicationContext
2022-04-05 00:42:14.319  INFO 3188 --- [main] w.s.c.ServletWebServerApplicationContext : Root WebApplicationContext: initialization completed in 2830 ms
2022-04-05 00:42:14.698  INFO 3188 --- [main] o.hibernate.jpa.internal.util.LogHelper  : HHH000204: Processing PersistenceUnitInfo [name: default]
2022-04-05 00:42:14.791  INFO 3188 --- [main] org.hibernate.Version                    : HHH000412: Hibernate ORM core version 5.6.7.Final
2022-04-05 00:42:15.055  INFO 3188 --- [main] o.hibernate.annotations.common.Version   : HCANN000001: Hibernate Commons Annotations {5.1.2.Final}
2022-04-05 00:42:15.259  INFO 3188 --- [main] com.zaxxer.hikari.HikariDataSource       : HikariPool-1 - Starting...
2022-04-05 00:42:15.627  INFO 3188 --- [main] com.zaxxer.hikari.HikariDataSource       : HikariPool-1 - Start completed.
2022-04-05 00:42:15.667  INFO 3188 --- [main] org.hibernate.dialect.Dialect            : HHH000400: Using dialect: org.hibernate.dialect.MySQL8Dialect
2022-04-05 00:42:17.367  INFO 3188 --- [main] o.h.e.t.j.p.i.JtaPlatformInitiator       : HHH000490: Using JtaPlatform implementation: [org.hibernate.engine.transaction.jta.platform.internal.NoJtaPlatform]
2022-04-05 00:42:17.382  INFO 3188 --- [main] j.LocalContainerEntityManagerFactoryBean : Initialized JPA EntityManagerFactory for persistence unit 'default'
2022-04-05 00:42:17.990  WARN 3188 --- [main] JpaBaseConfiguration$JpaWebConfiguration : spring.jpa.open-in-view is enabled by default. Therefore, database queries may be performed during view rendering. Explicitly configure spring.jpa.open-in-view to disable this warning
2022-04-05 00:42:18.595  INFO 3188 --- [main] o.s.b.w.embedded.tomcat.TomcatWebServer  : Tomcat started on port(s): 8080 (http) with context path ''
2022-04-05 00:42:18.612  INFO 3188 --- [main] com.example.demo.DemoApplication         : Started DemoApplication in 8.108 seconds (JVM running for 8.751)
2022-04-05 00:42:25.389  INFO 6320 --- [main] com.example.demo.DemoApplication         : Starting DemoApplication using Java 11.0.13 on DESKTOP-Q1VBOT1 with PID 6320 (C:\Users\HP\Desktop\SpringBootProjects\demo\target\classes started by HP in C:\Users\HP\Desktop\SpringBootProjects\demo)
2022-04-05 00:42:25.396  INFO 6320 --- [main] com.example.demo.DemoApplication         : No active profile set, falling back to 1 default profile: "default"
2022-04-05 00:42:26.556  INFO 6320 --- [main] .s.d.r.c.RepositoryConfigurationDelegate : Bootstrapping Spring Data JPA repositories in DEFAULT mode.
2022-04-05 00:42:26.663  INFO 6320 --- [main] .s.d.r.c.RepositoryConfigurationDelegate : Finished Spring Data repository scanning in 83 ms. Found 1 JPA repository interfaces.
2022-04-05 00:42:27.824  INFO 6320 --- [main] o.s.b.w.embedded.tomcat.TomcatWebServer  : Tomcat initialized with port(s): 8080 (http)
2022-04-05 00:42:27.848  INFO 6320 --- [main] o.apache.catalina.core.StandardService   : Starting service [Tomcat]
2022-04-05 00:42:27.849  INFO 6320 --- [main] org.apache.catalina.core.StandardEngine  : Starting Servlet engine: [Apache Tomcat/9.0.60]
2022-04-05 00:42:28.064  INFO 6320 --- [main] o.a.c.c.C.[Tomcat].[localhost].[/]       : Initializing Spring embedded WebApplicationContext
2022-04-05 00:42:28.066  INFO 6320 --- [main] w.s.c.ServletWebServerApplicationContext : Root WebApplicationContext: initialization completed in 2537 ms
2022-04-05 00:42:28.450  INFO 6320 --- [main] o.hibernate.jpa.internal.util.LogHelper  : HHH000204: Processing PersistenceUnitInfo [name: default]
2022-04-05 00:42:28.527  INFO 6320 --- [main] org.hibernate.Version                    : HHH000412: Hibernate ORM core version 5.6.7.Final
2022-04-05 00:42:28.750  INFO 6320 --- [main] o.hibernate.annotations.common.Version   : HCANN000001: Hibernate Commons Annotations {5.1.2.Final}
2022-04-05 00:42:28.971  INFO 6320 --- [main] com.zaxxer.hikari.HikariDataSource       : HikariPool-1 - Starting...
2022-04-05 00:42:29.275  INFO 6320 --- [main] com.zaxxer.hikari.HikariDataSource       : HikariPool-1 - Start completed.
2022-04-05 00:42:29.305  INFO 6320 --- [main] org.hibernate.dialect.Dialect            : HHH000400: Using dialect: org.hibernate.dialect.MySQL8Dialect
2022-04-05 00:42:30.517  INFO 6320 --- [main] o.h.e.t.j.p.i.JtaPlatformInitiator       : HHH000490: Using JtaPlatform implementation: [org.hibernate.engine.transaction.jta.platform.internal.NoJtaPlatform]
2022-04-05 00:42:30.530  INFO 6320 --- [main] j.LocalContainerEntityManagerFactoryBean : Initialized JPA EntityManagerFactory for persistence unit 'default'
2022-04-05 00:42:31.060  WARN 6320 --- [main] JpaBaseConfiguration$JpaWebConfiguration : spring.jpa.open-in-view is enabled by default. Therefore, database queries may be performed during view rendering. Explicitly configure spring.jpa.open-in-view to disable this warning
2022-04-05 00:42:31.866  INFO 6320 --- [main] o.s.b.w.embedded.tomcat.TomcatWebServer  : Tomcat started on port(s): 8080 (http) with context path ''
2022-04-05 00:42:31.890  INFO 6320 --- [main] com.example.demo.DemoApplication         : Started DemoApplication in 7.244 seconds (JVM running for 7.982)
2022-04-05 00:42:39.241  INFO 6320 --- [http-nio-8080-exec-9] o.a.c.c.C.[Tomcat].[localhost].[/]       : Initializing Spring DispatcherServlet 'dispatcherServlet'
2022-04-05 00:42:39.243  INFO 6320 --- [http-nio-8080-exec-9] o.s.web.servlet.DispatcherServlet        : Initializing Servlet 'dispatcherServlet'
2022-04-05 00:42:39.248  INFO 6320 --- [http-nio-8080-exec-9] o.s.web.servlet.DispatcherServlet        : Completed initialization in 2 ms
2022-04-05 00:43:47.364  INFO 13568 --- [main] com.example.demo.DemoApplication         : Starting DemoApplication using Java 11.0.13 on DESKTOP-Q1VBOT1 with PID 13568 (C:\Users\HP\Desktop\SpringBootProjects\demo\target\classes started by HP in C:\Users\HP\Desktop\SpringBootProjects\demo)
2022-04-05 00:43:47.370  INFO 13568 --- [main] com.example.demo.DemoApplication         : No active profile set, falling back to 1 default profile: "default"
2022-04-05 00:43:48.849  INFO 13568 --- [main] .s.d.r.c.RepositoryConfigurationDelegate : Bootstrapping Spring Data JPA repositories in DEFAULT mode.
2022-04-05 00:43:48.951  INFO 13568 --- [main] .s.d.r.c.RepositoryConfigurationDelegate : Finished Spring Data repository scanning in 82 ms. Found 1 JPA repository interfaces.
2022-04-05 00:43:50.383  INFO 13568 --- [main] o.s.b.w.embedded.tomcat.TomcatWebServer  : Tomcat initialized with port(s): 8080 (http)
2022-04-05 00:43:50.402  INFO 13568 --- [main] o.apache.catalina.core.StandardService   : Starting service [Tomcat]
2022-04-05 00:43:50.403  INFO 13568 --- [main] org.apache.catalina.core.StandardEngine  : Starting Servlet engine: [Apache Tomcat/9.0.60]
2022-04-05 00:43:50.631  INFO 13568 --- [main] o.a.c.c.C.[Tomcat].[localhost].[/]       : Initializing Spring embedded WebApplicationContext
2022-04-05 00:43:50.632  INFO 13568 --- [main] w.s.c.ServletWebServerApplicationContext : Root WebApplicationContext: initialization completed in 3043 ms
2022-04-05 00:43:50.981  INFO 13568 --- [main] o.hibernate.jpa.internal.util.LogHelper  : HHH000204: Processing PersistenceUnitInfo [name: default]
2022-04-05 00:43:51.083  INFO 13568 --- [main] org.hibernate.Version                    : HHH000412: Hibernate ORM core version 5.6.7.Final
2022-04-05 00:43:51.365  INFO 13568 --- [main] o.hibernate.annotations.common.Version   : HCANN000001: Hibernate Commons Annotations {5.1.2.Final}
2022-04-05 00:43:51.499  INFO 13568 --- [main] com.zaxxer.hikari.HikariDataSource       : HikariPool-1 - Starting...
2022-04-05 00:43:51.913  INFO 13568 --- [main] com.zaxxer.hikari.HikariDataSource       : HikariPool-1 - Start completed.
2022-04-05 00:43:51.989  INFO 13568 --- [main] org.hibernate.dialect.Dialect            : HHH000400: Using dialect: org.hibernate.dialect.MySQL8Dialect
2022-04-05 00:43:53.431  INFO 13568 --- [main] o.h.e.t.j.p.i.JtaPlatformInitiator       : HHH000490: Using JtaPlatform implementation: [org.hibernate.engine.transaction.jta.platform.internal.NoJtaPlatform]
2022-04-05 00:43:53.446  INFO 13568 --- [main] j.LocalContainerEntityManagerFactoryBean : Initialized JPA EntityManagerFactory for persistence unit 'default'
2022-04-05 00:43:54.071  WARN 13568 --- [main] JpaBaseConfiguration$JpaWebConfiguration : spring.jpa.open-in-view is enabled by default. Therefore, database queries may be performed during view rendering. Explicitly configure spring.jpa.open-in-view to disable this warning
2022-04-05 00:43:54.765  INFO 13568 --- [main] o.s.b.w.embedded.tomcat.TomcatWebServer  : Tomcat started on port(s): 8080 (http) with context path ''
2022-04-05 00:43:54.790  INFO 13568 --- [main] com.example.demo.DemoApplication         : Started DemoApplication in 8.707 seconds (JVM running for 9.472)
